#
# A fatal error has been detected by the Java Runtime Environment:
#
#  EXCEPTION_ACCESS_VIOLATION (0xc0000005) at pc=0x00007ffea57ec7ff, pid=11604, tid=2956
#
# JRE version:  (21.0.10+7) (build )
# Java VM: OpenJDK 64-Bit Server VM (21.0.10+7-LTS, mixed mode, sharing, tiered, compressed oops, compressed class ptrs, parallel gc, windows-amd64)
# Problematic frame:
# V  [jvm.dll+0x31c7ff]
#
# No core dump will be written. Minidumps are not enabled by default on client versions of Windows
#
#

---------------  S U M M A R Y ------------

Command Line: --add-modules=ALL-SYSTEM --add-opens=java.base/java.util=ALL-UNNAMED --add-opens=java.base/java.lang=ALL-UNNAMED --add-opens=java.base/sun.nio.fs=ALL-UNNAMED -Declipse.application=org.eclipse.jdt.ls.core.id1 -Dosgi.bundles.defaultStartLevel=4 -Declipse.product=org.eclipse.jdt.ls.core.product -Djava.import.generatesMetadataFilesAtProjectRoot=false -DDetectVMInstallationsJob.disabled=true -Dfile.encoding=utf8 -XX:+UseParallelGC -XX:GCTimeRatio=4 -XX:AdaptiveSizePolicyWeight=90 -Dsun.zip.disableMemoryMapping=true -Xmx2G -Xms100m -Xlog:disable -javaagent:c:\Users\MIGUEL DOLIC\.antigravity-ide\extensions\redhat.java-1.54.0-win32-x64\lombok\lombok-1.18.39-4050.jar -XX:+HeapDumpOnOutOfMemoryError -XX:HeapDumpPath=c:\Users\MIGUEL DOLIC\AppData\Roaming\Antigravity IDE\User\workspaceStorage\583ac83a5da11f34fde371d7e23fe047\redhat.java -Daether.dependencyCollector.impl=bf c:\Users\MIGUEL DOLIC\.antigravity-ide\extensions\redhat.java-1.54.0-win32-x64\server\plugins\org.eclipse.equinox.launcher_1.7.100.v20251111-0406.jar -configuration c:\Users\MIGUEL DOLIC\AppData\Roaming\Antigravity IDE\User\globalStorage\redhat.java\1.54.0\config_win -data c:\Users\MIGUEL DOLIC\AppData\Roaming\Antigravity IDE\User\workspaceStorage\583ac83a5da11f34fde371d7e23fe047\redhat.java\jdt_ws --pipe=\\.\pipe\lsp-d8258df73c10f595f7c103582a039df8-sock

Host: AMD Ryzen 5 4500U with Radeon Graphics         , 6 cores, 15G,  Windows 11 , 64 bit Build 26100 (10.0.26100.7920)
Time: Tue Jun  9 13:33:41 2026 Hora est. Pac璗ico, Sudam廨ica elapsed time: 0.250134 seconds (0d 0h 0m 0s)

---------------  T H R E A D  ---------------

Current thread (0x000002c0d7cecc50):  JavaThread "main"             [_thread_in_vm, id=2956, stack(0x000000fe27a00000,0x000000fe27b00000) (1024K)]

Stack: [0x000000fe27a00000,0x000000fe27b00000],  sp=0x000000fe27afed20,  free space=1019k
Native frames: (J=compiled Java code, j=interpreted, Vv=VM code, C=native code)
V  [jvm.dll+0x31c7ff]
V  [jvm.dll+0x3e099d]
V  [jvm.dll+0x3e019a]
C  0x000002c0e24378f5

The last pc belongs to invokevirtual (printed below).
Java frames: (J=compiled Java code, j=interpreted, Vv=VM code)
j  java.nio.charset.CharsetEncoder.onMalformedInput(Ljava/nio/charset/CodingErrorAction;)Ljava/nio/charset/CharsetEncoder;+21 java.base
j  sun.nio.cs.StreamEncoder.<init>(Ljava/io/OutputStream;Ljava/lang/Object;Ljava/nio/charset/Charset;)V+10 java.base
j  sun.nio.cs.StreamEncoder.forOutputStreamWriter(Ljava/io/OutputStream;Ljava/lang/Object;Ljava/nio/charset/Charset;)Lsun/nio/cs/StreamEncoder;+7 java.base
j  java.io.OutputStreamWriter.<init>(Ljava/io/OutputStream;Ljava/nio/charset/Charset;)V+26 java.base
j  java.io.PrintStream.<init>(Ljava/io/OutputStream;ZLjava/nio/charset/Charset;)V+27 java.base
j  java.lang.System.newPrintStream(Ljava/io/OutputStream;Ljava/lang/String;)Ljava/io/PrintStream;+27 java.base
j  java.lang.System.initPhase1()V+147 java.base
v  ~StubRoutines::call_stub 0x000002c0e242100d

siginfo: EXCEPTION_ACCESS_VIOLATION (0xc0000005), reading address 0x000000fe27b00230


Registers:
RAX=0x000000fe27b00230, RBX=0x000000fe27afee08, RCX=0x000000fe27afee08, RDX=0x0000000000000245
RSP=0x000000fe27afed20, RBP=0x000000fe27afee70, RSI=0x000002c0d5a3c4b0, RDI=0x000002c0d7cecc50
R8 =0x000000fe27aff008, R9 =0x000002c080714c58, R10=0x000002c0e2420000, R11=0x0000000000000004
R12=0x000002c0d7ced2d0, R13=0x000002c080715f2d, R14=0x00000000000000b6, R15=0x000002c0d7ced2c0
RIP=0x00007ffea57ec7ff, EFLAGS=0x0000000000010246

XMM[0]=0x3b3b3b3b3b3b3b3b 0x3b3b3b3b3b3b3b3b
XMM[1]=0x0000000000000000 0x000000ff00000000
XMM[2]=0x0000000000000000 0x0000000000000000
XMM[3]=0x0000000000000000 0x0000000000000000
XMM[4]=0x0000000000000000 0x0000000000000000
XMM[5]=0x0000000000000000 0x0000000000000000
XMM[6]=0x0000000000000000 0x0000000000000000
XMM[7]=0x0000000000000000 0x0000000000000000
XMM[8]=0x0000000000000000 0x0000000000000000
XMM[9]=0x0000000000000000 0x0000000000000000
XMM[10]=0x0000000000000000 0x0000000000000000
XMM[11]=0x0000000000000000 0x0000000000000000
XMM[12]=0x0000000000000000 0x0000000000000000
XMM[13]=0x0000000000000000 0x0000000000000000
XMM[14]=0x0000000000000000 0x0000000000000000
XMM[15]=0x0000000000000000 0x0000000000000000
  MXCSR=0x00001fa0


Register to memory mapping:

RAX=0x000000fe27b00230 is an unknown value
RBX=0x000000fe27afee08 is pointing into the stack for thread: 0x000002c0d7cecc50
RCX=0x000000fe27afee08 is pointing into the stack for thread: 0x000002c0d7cecc50
RDX=0x0000000000000245 is an unknown value
RSP=0x000000fe27afed20 is pointing into the stack for thread: 0x000002c0d7cecc50
RBP=0x000000fe27afee70 is pointing into the stack for thread: 0x000002c0d7cecc50
RSI=0x000002c0d5a3c4b0 points into unknown readable memory: 0x0053006e00690002 | 02 00 69 00 6e 00 53 00
RDI=0x000002c0d7cecc50 is a thread
R8 =0x000000fe27aff008 is pointing into the stack for thread: 0x000002c0d7cecc50
R9 =0x000002c080714c58 is pointing into metadata
R10=0x000002c0e2420000 points into unknown readable memory: 0x0000000000000006 | 06 00 00 00 00 00 00 00
R11=0x0000000000000004 is an unknown value
R12=0x000002c0d7ced2d0 points into unknown readable memory: 0x004c005000450052 | 52 00 45 00 50 00 4c 00
R13=0x000002c080715f2d is pointing into metadata
R14=0x00000000000000b6 is an unknown value
R15=0x000002c0d7ced2c0 points into unknown readable memory: 0x0000000000000000 | 00 00 00 00 00 00 00 00

Top of Stack: (sp=0x000000fe27afed20)
0x000000fe27afed20:   000002c0800bfc88 000000fe27afee08
0x000000fe27afed30:   000002c0d7cecc50 00007ffea5618cfe
0x000000fe27afed40:   000002c0804f6480 000000fe00000000
0x000000fe27afed50:   0000000000000000 000002c000000245
0x000000fe27afed60:   000002c0800bfc88 00007ffea58b099d
0x000000fe27afed70:   000002c0d7cecc50 0000000000000000
0x000000fe27afed80:   000000fe27afeed0 00007ffea57524c4
0x000000fe27afed90:   0000000000000000 000002c080832dd2
0x000000fe27afeda0:   000002c0800bfc88 000002c0d7cecc50
0x000000fe27afedb0:   0000000000000000 00007ffe000a0101
0x000000fe27afedc0:   000002c0d7cecc50 00007ffea58b0cb8
0x000000fe27afedd0:   000002c080715f2d 000002c0000000b6
0x000000fe27afede0:   000002c0800bfc88 0000000000000000
0x000000fe27afedf0:   0000020000000000 000000fe27aff060
0x000000fe27afee00:   000000fe27aff008 000000fe27aff008
0x000000fe27afee10:   000002c0e243789d 000002c0e2427e90
0x000000fe27afee20:   0000000000000000 0000020000000000
0x000000fe27afee30:   000000fe27aff060 000000fe27aff008
0x000000fe27afee40:   000002c0801bd2a0 0000000000000000
0x000000fe27afee50:   0000000000000000 000000fe27aff0e0
0x000000fe27afee60:   000000fe27aff070 000000fe27aff070
0x000000fe27afee70:   000002c0d7cecc50 0000000000000001
0x000000fe27afee80:   000002c0d7cecc50 000002c080715f2d
0x000000fe27afee90:   000000fe27aff078 000002c0d7cecc50
0x000000fe27afeea0:   0000000000000000 00000000000000b6
0x000000fe27afeeb0:   000000fe27afef79 00007ffea58b019a
0x000000fe27afeec0:   000002c0800bfc88 0000000000000000
0x000000fe27afeed0:   00000000000003d8 000002c0d7ced6a8
0x000000fe27afeee0:   000000fe27afefa0 00007ffea5b49e3c
0x000000fe27afeef0:   000002c0d7d176a0 000000000000000d
0x000000fe27afef00:   0000000000000006 00000000000000b6
0x000000fe27afef10:   000000fe27afefd9 00007ffea58b019a 

Instructions: (pc=0x00007ffea57ec7ff)
0x00007ffea57ec6ff:   cc 48 8b 41 28 48 8b 8a f8 04 00 00 48 83 c0 10
0x00007ffea57ec70f:   48 03 0d 52 7b 9a 00 48 03 0d 43 7b 9a 00 48 03
0x00007ffea57ec71f:   0d 34 7b 9a 00 48 39 82 38 03 00 00 76 09 48 3b
0x00007ffea57ec72f:   c1 72 04 48 8b 00 c3 33 c0 c3 cc cc cc cc cc cc
0x00007ffea57ec73f:   cc 48 8b 41 28 48 8b 48 10 48 8b 41 20 48 85 c0
0x00007ffea57ec74f:   0f 94 c0 c3 cc cc cc cc cc cc cc cc cc cc cc cc
0x00007ffea57ec75f:   cc 48 8b 41 10 8b 80 4c 01 00 00 99 83 e2 07 03
0x00007ffea57ec76f:   c2 c1 f8 03 48 63 d0 48 8b 01 48 8d 04 d0 c3 cc
0x00007ffea57ec77f:   cc 48 8b 41 10 8b 80 48 01 00 00 99 83 e2 07 03
0x00007ffea57ec78f:   c2 c1 f8 03 48 63 d0 48 8b 01 48 8b 04 d0 c3 cc
0x00007ffea57ec79f:   cc 40 53 48 83 ec 20 48 63 51 28 48 8b d9 48 8b
0x00007ffea57ec7af:   41 78 48 03 d2 48 83 c1 30 4c 8b 43 68 48 8b 54
0x00007ffea57ec7bf:   d0 08 e8 3a f6 ff ff 48 8b 4b 20 48 8b d0 4c 8b
0x00007ffea57ec7cf:   01 48 83 c4 20 5b 49 ff 60 08 cc cc cc cc cc cc
0x00007ffea57ec7df:   cc 40 53 48 83 ec 40 48 8b d9 48 8d 4c 24 20 e8
0x00007ffea57ec7ef:   9d 38 48 00 8b 54 24 38 48 8b cb e8 e1 21 00 00
0x00007ffea57ec7ff:   48 8b 00 48 83 c4 40 5b c3 cc cc cc cc cc cc cc
0x00007ffea57ec80f:   cc 40 53 48 83 ec 20 48 8b 41 28 48 8b d9 48 8b
0x00007ffea57ec81f:   50 c0 48 8b 48 e8 e8 f6 79 36 00 48 8b 4b 28 48
0x00007ffea57ec82f:   8b d0 48 8b 49 e8 48 83 c4 20 5b e9 b1 79 36 00
0x00007ffea57ec83f:   cc 48 8b 41 28 48 8b 50 c0 48 8b 48 e8 e9 cf 79
0x00007ffea57ec84f:   36 00 cc cc cc cc cc cc cc cc cc cc cc cc cc cc
0x00007ffea57ec85f:   cc 40 53 48 83 ec 20 8b da e8 63 1f 00 00 f7 db
0x00007ffea57ec86f:   48 63 cb 48 8d 04 c8 48 83 c0 f8 48 83 c4 20 5b
0x00007ffea57ec87f:   c3 40 53 48 83 ec 20 48 8b d9 e8 42 1f 00 00 80
0x00007ffea57ec88f:   7b 24 00 4c 8b 43 28 48 8d 50 f8 74 0a 49 8b 40
0x00007ffea57ec89f:   f0 4d 8d 04 c0 eb 04 4d 8b 40 f0 4d 85 c0 75 03
0x00007ffea57ec8af:   4c 8b 03 49 2b d0 48 c1 fa 03 8d 42 01 48 83 c4
0x00007ffea57ec8bf:   20 5b c3 cc cc cc cc cc cc cc cc cc cc cc cc cc
0x00007ffea57ec8cf:   cc 4c 8b 41 28 f7 da 48 63 c2 49 8b 48 c8 48 03
0x00007ffea57ec8df:   c8 49 8d 04 c8 c3 cc cc cc cc cc cc cc cc cc cc
0x00007ffea57ec8ef:   cc 48 8b 41 28 48 8b 40 d8 c3 cc cc cc cc cc cc 


Stack slot to memory mapping:

stack at sp + 0 slots: {method} {0x000002c0800bfc90} 'onMalformedInput' '(Ljava/nio/charset/CodingErrorAction;)Ljava/nio/charset/CharsetEncoder;' in 'java/nio/charset/CharsetEncoder'
stack at sp + 1 slots: 0x000000fe27afee08 is pointing into the stack for thread: 0x000002c0d7cecc50
stack at sp + 2 slots: 0x000002c0d7cecc50 is a thread
stack at sp + 3 slots: 0x00007ffea5618cfe jvm.dll
stack at sp + 4 slots: 0x000002c0804f6480 is pointing into metadata
stack at sp + 5 slots: 0x000000fe00000000 is an unknown value
stack at sp + 6 slots: 0x0 is null
stack at sp + 7 slots: 0x000002c000000245 is an unknown value

invokevirtual  182 invokevirtual  [0x000002c0e2437840, 0x000002c0e2437d10]  1232 bytes
[MachCode]
  0x000002c0e2437840: 4883 ec08 | c5fa 1104 | 24eb 1f48 | 83ec 10c5 | fb11 0424 | eb14 4883 | ec10 4889 | 0424 48c7 
  0x000002c0e2437860: 4424 0800 | 0000 00eb | 0150 4c89 | 6dc0 410f | b755 0148 | 8b4d d0c1 | e202 8b5c | d138 c1eb 
  0x000002c0e2437880: 1881 e3ff | 0000 0081 | fbb6 0000 | 000f 84b4 | 0000 00bb | b600 0000 | e805 0000 | 00e9 9900 
  0x000002c0e24378a0: 0000 488b | d348 8d44 | 2408 4c89 | 6dc0 498b | cfc5 f877 | 4989 afb0 | 0300 0049 | 8987 a003 
  0x000002c0e24378c0: 0000 4883 | ec20 40f6 | c40f 0f84 | 1900 0000 | 4883 ec08 | 48b8 3001 | 8ba5 fe7f | 0000 ffd0 
  0x000002c0e24378e0: 4883 c408 | e90c 0000 | 0048 b830 | 018b a5fe | 7f00 00ff | d048 83c4 | 2049 c787 | a003 0000 
  0x000002c0e2437900: 0000 0000 | 49c7 87b0 | 0300 0000 | 0000 0049 | c787 a803 | 0000 0000 | 0000 c5f8 | 7749 837f 
  0x000002c0e2437920: 0800 0f84 | 0500 0000 | e9d3 95fe | ff4c 8b6d | c04c 8b75 | c84e 8d74 | f500 c341 | 0fb7 5501 
  0x000002c0e2437940: 488b 4dd0 | c1e2 0248 | 8b5c d148 | 8b54 d150 | 8bca 81e1 | ff00 0000 | 488b 4ccc | f844 8bea 
  0x000002c0e2437960: c1ea 1c49 | ba20 e419 | a6fe 7f00 | 0049 8b14 | d252 418b | d54c 8b6d | c08b c225 | 0000 1000 
  0x000002c0e2437980: 0f84 7801 | 0000 483b | 0148 8b45 | d848 85c0 | 0f84 1200 | 0000 4883 | 4008 0148 | 8358 0800 
  0x000002c0e24379a0: 4883 c038 | 4889 45d8 | 488b 45d8 | 4885 c00f | 843d 0100 | 0080 78c8 | 0b0f 8533 | 0100 0048 
  0x000002c0e24379c0: 83c0 084c | 8b68 f841 | 83ed 0041 | 83fd 020f | 8c12 0100 | 004c 8b6b | 0845 0fb7 | 6d2e 4c2b 
  0x000002c0e24379e0: 2841 83ed | 014e 8b6c | ec08 4d85 | ed75 0ef6 | 4008 0175 | 58f0 4883 | 4808 01eb | 5045 8b6d 
  0x000002c0e2437a00: 0849 ba00 | 0000 80c0 | 0200 004d | 03ea 4d8b | d54c 3368 | 0849 f7c5 | fcff ffff | 742f 41f6 
  0x000002c0e2437a20: c502 7529 | 4883 7808 | 0074 1e48 | 8378 0801 | 7417 4d8b | ea4c 3368 | 0849 f7c5 | fcff ffff 
  0x000002c0e2437a40: 740b 4883 | 4808 02eb | 044c 8968 | 0848 83c0 | 104c 8b68 | e841 83ed | 0241 83fd | 020f 8c84 
  0x000002c0e2437a60: 0000 004c | 8b6b 0845 | 0fb7 6d2e | 4c2b 2841 | 83ed 014e | 8b6c ec08 | 4d85 ed75 | 0ef6 4008 
  0x000002c0e2437a80: 0175 58f0 | 4883 4808 | 01eb 5045 | 8b6d 0849 | ba00 0000 | 80c0 0200 | 004d 03ea | 4d8b d54c 
  0x000002c0e2437aa0: 3368 0849 | f7c5 fcff | ffff 742f | 41f6 c502 | 7529 4883 | 7808 0074 | 1e48 8378 | 0801 7417 
  0x000002c0e2437ac0: 4d8b ea4c | 3368 0849 | f7c5 fcff | ffff 740b | 4883 4808 | 02eb 044c | 8968 0848 | 83c0 104c 
  0x000002c0e2437ae0: 8b68 d841 | 83ed 0441 | c1e5 0349 | 03c5 4889 | 45d8 4c8d | 6c24 084c | 896d f0ff | 6350 8b41 
  0x000002c0e2437b00: 0849 ba00 | 0000 80c0 | 0200 0049 | 03c2 4c8b | 75d8 4d85 | f60f 8495 | 0000 0049 | 8b56 1848 
  0x000002c0e2437b20: 3bd0 0f85 | 0f00 0000 | 4983 4620 | 0149 835e | 2000 e971 | 0000 0048 | 85d2 0f84 | 4200 0000 
  0x000002c0e2437b40: 498b 5628 | 483b d00f | 850f 0000 | 0049 8346 | 3001 4983 | 5e30 00e9 | 4c00 0000 | 4885 d274 
  0x000002c0e2437b60: 0f49 8346 | 0801 4983 | 5e08 00e9 | 3800 0000 | 4989 4628 | ba01 0000 | 0049 8956 | 30e9 2600 
  0x000002c0e2437b80: 0000 493b | 4628 0f85 | 0f00 0000 | 4983 4630 | 0149 835e | 3000 e90d | 0000 0049 | 8946 18ba 
  0x000002c0e2437ba0: 0100 0000 | 4989 5620 | 4983 c638 | 4c89 75d8 | 488b 9cd8 | d001 0000 | 488b 55d8 | 4885 d20f 
  0x000002c0e2437bc0: 843d 0100 | 0080 7ac8 | 0b0f 8533 | 0100 0048 | 83c2 084c | 8b6a f841 | 83ed 0041 | 83fd 020f 
  0x000002c0e2437be0: 8c12 0100 | 004c 8b6b | 0845 0fb7 | 6d2e 4c2b | 2a41 83ed | 014e 8b6c | ec08 4d85 | ed75 0ef6 
  0x000002c0e2437c00: 4208 0175 | 58f0 4883 | 4a08 01eb | 5045 8b6d | 0849 ba00 | 0000 80c0 | 0200 004d | 03ea 4d8b 
  0x000002c0e2437c20: d54c 336a | 0849 f7c5 | fcff ffff | 742f 41f6 | c502 7529 | 4883 7a08 | 0074 1e48 | 837a 0801 
  0x000002c0e2437c40: 7417 4d8b | ea4c 336a | 0849 f7c5 | fcff ffff | 740b 4883 | 4a08 02eb | 044c 896a | 0848 83c2 
  0x000002c0e2437c60: 104c 8b6a | e841 83ed | 0241 83fd | 020f 8c84 | 0000 004c | 8b6b 0845 | 0fb7 6d2e | 4c2b 2a41 
  0x000002c0e2437c80: 83ed 014e | 8b6c ec08 | 4d85 ed75 | 0ef6 4208 | 0175 58f0 | 4883 4a08 | 01eb 5045 | 8b6d 0849 
  0x000002c0e2437ca0: ba00 0000 | 80c0 0200 | 004d 03ea | 4d8b d54c | 336a 0849 | f7c5 fcff | ffff 742f | 41f6 c502 
  0x000002c0e2437cc0: 7529 4883 | 7a08 0074 | 1e48 837a | 0801 7417 | 4d8b ea4c | 336a 0849 | f7c5 fcff | ffff 740b 
  0x000002c0e2437ce0: 4883 4a08 | 02eb 044c | 896a 0848 | 83c2 104c | 8b6a d841 | 83ed 0441 | c1e5 0349 | 03d5 4889 
  0x000002c0e2437d00: 55d8 4c8d | 6c24 084c | 896d f0ff | 6350 6690 
[/MachCode]

---------------  P R O C E S S  ---------------

Threads class SMR info:
_java_thread_list=0x000002c0d7d17fa0, length=1, elements={
0x000002c0d7cecc50
}

Java Threads: ( => current thread )
=>0x000002c0d7cecc50 JavaThread "main"                              [_thread_in_vm, id=2956, stack(0x000000fe27a00000,0x000000fe27b00000) (1024K)]
Total: 1

Other Threads:
  0x000002c0d7c20200 VMThread "VM Thread"                           [id=6548, stack(0x000000fe27d00000,0x000000fe27e00000) (1024K)]
  0x000002c0d7b7ca00 WatcherThread "VM Periodic Task Thread"        [id=14472, stack(0x000000fe27c00000,0x000000fe27d00000) (1024K)]
  0x000002c0d7d0e740 WorkerThread "GC Thread#0"                     [id=11656, stack(0x000000fe27b00000,0x000000fe27c00000) (1024K)]
Total: 3

Threads with active compile tasks:
Total: 0

VM state: not at safepoint (normal execution)

VM Mutex/Monitor currently owned by a thread: None

Heap address: 0x0000000080000000, size: 2048 MB, Compressed Oops mode: 32-bit

CDS archive(s) mapped at: [0x000002c080000000-0x000002c080ba0000-0x000002c080ba0000), size 12189696, SharedBaseAddress: 0x000002c080000000, ArchiveRelocationMode: 1.
Compressed class space mapped at: 0x000002c081000000-0x000002c0c1000000, reserved size: 1073741824
Narrow klass base: 0x000002c080000000, Narrow klass shift: 0, Narrow klass range: 0x100000000

GC Precious Log:
 CardTable entry size: 512
 CPUs: 6 total, 6 available
 Memory: 15733M
 Large Page Support: Disabled
 NUMA Support: Disabled
 Compressed Oops: Enabled (32-bit)
 Alignments: Space 512K, Generation 512K, Heap 2M
 Heap Min Capacity: 100M
 Heap Initial Capacity: 100M
 Heap Max Capacity: 2G
 Pre-touch: Disabled
 Parallel Workers: 6

Heap:
 PSYoungGen      total 29696K, used 8147K [0x00000000d5580000, 0x00000000d7680000, 0x0000000100000000)
  eden space 25600K, 31% used [0x00000000d5580000,0x00000000d5d74e28,0x00000000d6e80000)
  from space 4096K, 0% used [0x00000000d7280000,0x00000000d7280000,0x00000000d7680000)
  to   space 4096K, 0% used [0x00000000d6e80000,0x00000000d6e80000,0x00000000d7280000)
 ParOldGen       total 68608K, used 0K [0x0000000080000000, 0x0000000084300000, 0x00000000d5580000)
  object space 68608K, 0% used [0x0000000080000000,0x0000000080000000,0x0000000084300000)
 Metaspace       used 27K, committed 128K, reserved 1114112K
  class space    used 2K, committed 64K, reserved 1048576K

Card table byte_map: [0x000002c0d7690000,0x000002c0d7aa0000] _byte_map_base: 0x000002c0d7290000

Marking Bits: (ParMarkBitMap*) 0x00007ffea6193450
 Begin Bits: [0x000002c0ea1a0000, 0x000002c0ec1a0000)
 End Bits:   [0x000002c0ec1a0000, 0x000002c0ee1a0000)

Polling page: 0x000002c0d5b30000

Metaspace:

Usage:
  Non-class:     25.56 KB used.
      Class:      2.08 KB used.
       Both:     27.64 KB used.

Virtual space:
  Non-class space:       64.00 MB reserved,      64.00 KB ( <1%) committed,  1 nodes.
      Class space:        1.00 GB reserved,      64.00 KB ( <1%) committed,  1 nodes.
             Both:        1.06 GB reserved,     128.00 KB ( <1%) committed. 

Chunk freelists:
   Non-Class:  12.00 MB
       Class:  15.75 MB
        Both:  27.75 MB

MaxMetaspaceSize: unlimited
CompressedClassSpaceSize: 1.00 GB
Initial GC threshold: 21.00 MB
Current GC threshold: 17179869184.00 GB
CDS: on
 - commit_granule_bytes: 65536.
 - commit_granule_words: 8192.
 - virtual_space_node_default_size: 8388608.
 - enlarge_chunks_in_place: 1.
 - use_allocation_guard: 0.


Internal statistics:

num_allocs_failed_limit: 0.
num_arena_births: 2.
num_arena_deaths: 0.
num_vsnodes_births: 2.
num_vsnodes_deaths: 0.
num_space_committed: 2.
num_space_uncommitted: 0.
num_chunks_returned_to_freelist: 0.
num_chunks_taken_from_freelist: 3.
num_chunk_merges: 0.
num_chunk_splits: 2.
num_chunks_enlarged: 0.
num_inconsistent_stats: 0.

CodeHeap 'non-profiled nmethods': size=120000Kb used=0Kb max_used=0Kb free=120000Kb
 bounds [0x000002c0e29c0000, 0x000002c0e2c30000, 0x000002c0e9ef0000]
CodeHeap 'profiled nmethods': size=120000Kb used=0Kb max_used=0Kb free=120000Kb
 bounds [0x000002c0daef0000, 0x000002c0db160000, 0x000002c0e2420000]
CodeHeap 'non-nmethods': size=5760Kb used=361Kb max_used=361Kb free=5398Kb
 bounds [0x000002c0e2420000, 0x000002c0e2690000, 0x000002c0e29c0000]
CodeCache: size=245760Kb, used=361Kb, max_used=361Kb, free=245398Kb
 total_blobs=176, nmethods=0, adapters=146, full_count=0
Compilation: enabled, stopped_count=0, restarted_count=0

Compilation events (0 events):
No events

GC Heap History (0 events):
No events

Dll operation events (2 events):
Event: 0.063 Loaded shared library c:\Users\MIGUEL DOLIC\.antigravity-ide\extensions\redhat.java-1.54.0-win32-x64\jre\21.0.10-win32-x86_64\bin\java.dll
Event: 0.233 Loaded shared library c:\Users\MIGUEL DOLIC\.antigravity-ide\extensions\redhat.java-1.54.0-win32-x64\jre\21.0.10-win32-x86_64\bin\zip.dll

Deoptimization events (0 events):
No events

Classes loaded (2 events):
Event: 0.206 Loading class sun/nio/cs/UTF_8$Encoder
Event: 0.234 Loading class sun/nio/cs/UTF_8$Encoder done

Classes unloaded (0 events):
No events

Classes redefined (0 events):
No events

Internal exceptions (0 events):
No events

ZGC Phase Switch (0 events):
No events

VM Operations (0 events):
No events

Memory protections (0 events):
No events

Nmethod flushes (0 events):
No events

Events (1 events):
Event: 0.125 Thread 0x000002c0d7cecc50 Thread added: 0x000002c0d7cecc50


Dynamic libraries:
0x00007ff6945f0000 - 0x00007ff6945fe000 	c:\Users\MIGUEL DOLIC\.antigravity-ide\extensions\redhat.java-1.54.0-win32-x64\jre\21.0.10-win32-x86_64\bin\java.exe
0x00007fff7bb40000 - 0x00007fff7bda7000 	C:\WINDOWS\SYSTEM32\ntdll.dll
0x00007fff7ab70000 - 0x00007fff7ac39000 	C:\WINDOWS\System32\KERNEL32.DLL
0x00007fff79050000 - 0x00007fff79441000 	C:\WINDOWS\System32\KERNELBASE.dll
0x00007fff78f00000 - 0x00007fff7904b000 	C:\WINDOWS\System32\ucrtbase.dll
0x00007fff51600000 - 0x00007fff51618000 	c:\Users\MIGUEL DOLIC\.antigravity-ide\extensions\redhat.java-1.54.0-win32-x64\jre\21.0.10-win32-x86_64\bin\jli.dll
0x00007fff7b590000 - 0x00007fff7b755000 	C:\WINDOWS\System32\USER32.dll
0x00007fff79730000 - 0x00007fff79757000 	C:\WINDOWS\System32\win32u.dll
0x00007fff7a130000 - 0x00007fff7a15b000 	C:\WINDOWS\System32\GDI32.dll
0x00007fff78dd0000 - 0x00007fff78efb000 	C:\WINDOWS\System32\gdi32full.dll
0x00007fff79450000 - 0x00007fff794f3000 	C:\WINDOWS\System32\msvcp_win.dll
0x00007fff63610000 - 0x00007fff638a3000 	C:\WINDOWS\WinSxS\amd64_microsoft.windows.common-controls_6595b64144ccf1df_6.0.26100.8037_none_3e092faae333b53b\COMCTL32.dll
0x00007fff7ac40000 - 0x00007fff7ace9000 	C:\WINDOWS\System32\msvcrt.dll
0x00007fff51620000 - 0x00007fff5163e000 	c:\Users\MIGUEL DOLIC\.antigravity-ide\extensions\redhat.java-1.54.0-win32-x64\jre\21.0.10-win32-x86_64\bin\VCRUNTIME140.dll
0x00007fff7a760000 - 0x00007fff7a791000 	C:\WINDOWS\System32\IMM32.DLL
0x00007fff738e0000 - 0x00007fff738ec000 	c:\Users\MIGUEL DOLIC\.antigravity-ide\extensions\redhat.java-1.54.0-win32-x64\jre\21.0.10-win32-x86_64\bin\vcruntime140_1.dll
0x00007ffea6280000 - 0x00007ffea630d000 	c:\Users\MIGUEL DOLIC\.antigravity-ide\extensions\redhat.java-1.54.0-win32-x64\jre\21.0.10-win32-x86_64\bin\msvcp140.dll
0x00007ffea54d0000 - 0x00007ffea6271000 	c:\Users\MIGUEL DOLIC\.antigravity-ide\extensions\redhat.java-1.54.0-win32-x64\jre\21.0.10-win32-x86_64\bin\server\jvm.dll
0x00007fff7a070000 - 0x00007fff7a12b000 	C:\WINDOWS\System32\ADVAPI32.dll
0x00007fff7b470000 - 0x00007fff7b517000 	C:\WINDOWS\System32\sechost.dll
0x00007fff7a160000 - 0x00007fff7a278000 	C:\WINDOWS\System32\RPCRT4.dll
0x00007fff7a890000 - 0x00007fff7a904000 	C:\WINDOWS\System32\WS2_32.dll
0x00007fff780d0000 - 0x00007fff7812e000 	C:\WINDOWS\SYSTEM32\POWRPROF.dll
0x00007fff72ba0000 - 0x00007fff72bab000 	C:\WINDOWS\SYSTEM32\VERSION.dll
0x00007fff72b60000 - 0x00007fff72b95000 	C:\WINDOWS\SYSTEM32\WINMM.dll
0x00007fff780b0000 - 0x00007fff780c4000 	C:\WINDOWS\SYSTEM32\UMPDC.dll
0x00007fff771b0000 - 0x00007fff771cb000 	C:\WINDOWS\SYSTEM32\kernel.appcore.dll
0x00007fff6d6d0000 - 0x00007fff6d6da000 	c:\Users\MIGUEL DOLIC\.antigravity-ide\extensions\redhat.java-1.54.0-win32-x64\jre\21.0.10-win32-x86_64\bin\jimage.dll
0x00007fff6c6a0000 - 0x00007fff6c8e2000 	C:\WINDOWS\SYSTEM32\DBGHELP.DLL
0x00007fff79ce0000 - 0x00007fff7a062000 	C:\WINDOWS\System32\combase.dll
0x00007fff7a7a0000 - 0x00007fff7a877000 	C:\WINDOWS\System32\OLEAUT32.dll
0x00007fff5dfc0000 - 0x00007fff5dffb000 	C:\WINDOWS\SYSTEM32\dbgcore.DLL
0x00007fff78d20000 - 0x00007fff78dc5000 	C:\WINDOWS\System32\bcryptPrimitives.dll
0x00007fff6c3b0000 - 0x00007fff6c3bf000 	c:\Users\MIGUEL DOLIC\.antigravity-ide\extensions\redhat.java-1.54.0-win32-x64\jre\21.0.10-win32-x86_64\bin\instrument.dll
0x00007fff515e0000 - 0x00007fff51600000 	c:\Users\MIGUEL DOLIC\.antigravity-ide\extensions\redhat.java-1.54.0-win32-x64\jre\21.0.10-win32-x86_64\bin\java.dll
0x00007fff7ad00000 - 0x00007fff7b45f000 	C:\WINDOWS\System32\SHELL32.dll
0x00007fff795c0000 - 0x00007fff7972a000 	C:\WINDOWS\System32\wintypes.dll
0x00007fff784b0000 - 0x00007fff78d14000 	C:\WINDOWS\System32\windows.storage.dll
0x00007fff7a910000 - 0x00007fff7aa07000 	C:\WINDOWS\System32\SHCORE.dll
0x00007fff7b940000 - 0x00007fff7b9a7000 	C:\WINDOWS\System32\shlwapi.dll
0x00007fff78340000 - 0x00007fff78369000 	C:\WINDOWS\SYSTEM32\profapi.dll
0x00007fff19500000 - 0x00007fff19518000 	c:\Users\MIGUEL DOLIC\.antigravity-ide\extensions\redhat.java-1.54.0-win32-x64\jre\21.0.10-win32-x86_64\bin\zip.dll

JVMTI agents:
c:\Users\MIGUEL DOLIC\.antigravity-ide\extensions\redhat.java-1.54.0-win32-x64\lombok\lombok-1.18.39-4050.jar path:none, loaded, not initialized, instrumentlib options:none

dbghelp: loaded successfully - version: 4.0.5 - missing functions: none
symbol engine: initialized successfully - sym options: 0x614 - pdb path: .;c:\Users\MIGUEL DOLIC\.antigravity-ide\extensions\redhat.java-1.54.0-win32-x64\jre\21.0.10-win32-x86_64\bin;C:\WINDOWS\SYSTEM32;C:\WINDOWS\WinSxS\amd64_microsoft.windows.common-controls_6595b64144ccf1df_6.0.26100.8037_none_3e092faae333b53b;c:\Users\MIGUEL DOLIC\.antigravity-ide\extensions\redhat.java-1.54.0-win32-x64\jre\21.0.10-win32-x86_64\bin\server

VM Arguments:
jvm_args: --add-modules=ALL-SYSTEM --add-opens=java.base/java.util=ALL-UNNAMED --add-opens=java.base/java.lang=ALL-UNNAMED --add-opens=java.base/sun.nio.fs=ALL-UNNAMED -Declipse.application=org.eclipse.jdt.ls.core.id1 -Dosgi.bundles.defaultStartLevel=4 -Declipse.product=org.eclipse.jdt.ls.core.product -Djava.import.generatesMetadataFilesAtProjectRoot=false -DDetectVMInstallationsJob.disabled=true -Dfile.encoding=utf8 -XX:+UseParallelGC -XX:GCTimeRatio=4 -XX:AdaptiveSizePolicyWeight=90 -Dsun.zip.disableMemoryMapping=true -Xmx2G -Xms100m -Xlog:disable -javaagent:c:\Users\MIGUEL DOLIC\.antigravity-ide\extensions\redhat.java-1.54.0-win32-x64\lombok\lombok-1.18.39-4050.jar -XX:+HeapDumpOnOutOfMemoryError -XX:HeapDumpPath=c:\Users\MIGUEL DOLIC\AppData\Roaming\Antigravity IDE\User\workspaceStorage\583ac83a5da11f34fde371d7e23fe047\redhat.java -Daether.dependencyCollector.impl=bf 
java_command: c:\Users\MIGUEL DOLIC\.antigravity-ide\extensions\redhat.java-1.54.0-win32-x64\server\plugins\org.eclipse.equinox.launcher_1.7.100.v20251111-0406.jar -configuration c:\Users\MIGUEL DOLIC\AppData\Roaming\Antigravity IDE\User\globalStorage\redhat.java\1.54.0\config_win -data c:\Users\MIGUEL DOLIC\AppData\Roaming\Antigravity IDE\User\workspaceStorage\583ac83a5da11f34fde371d7e23fe047\redhat.java\jdt_ws --pipe=\\.\pipe\lsp-d8258df73c10f595f7c103582a039df8-sock
java_class_path (initial): c:\Users\MIGUEL DOLIC\.antigravity-ide\extensions\redhat.java-1.54.0-win32-x64\server\plugins\org.eclipse.equinox.launcher_1.7.100.v20251111-0406.jar
Launcher Type: SUN_STANDARD

[Global flags]
    uintx AdaptiveSizePolicyWeight                 = 90                                        {product} {command line}
     intx CICompilerCount                          = 3                                         {product} {ergonomic}
    uintx GCTimeRatio                              = 4                                         {product} {command line}
     bool HeapDumpOnOutOfMemoryError               = true                                   {manageable} {command line}
    ccstr HeapDumpPath                             = c:\Users\MIGUEL DOLIC\AppData\Roaming\Antigravity IDE\User\workspaceStorage\583ac83a5da11f34fde371d7e23fe047\redhat.java         {manageable} {command line}
   size_t InitialHeapSize                          = 104857600                                 {product} {command line}
   size_t MaxHeapSize                              = 2147483648                                {product} {command line}
   size_t MaxNewSize                               = 715653120                                 {product} {ergonomic}
   size_t MinHeapDeltaBytes                        = 524288                                    {product} {ergonomic}
   size_t MinHeapSize                              = 104857600                                 {product} {command line}
   size_t NewSize                                  = 34603008                                  {product} {ergonomic}
    uintx NonNMethodCodeHeapSize                   = 5832780                                {pd product} {ergonomic}
    uintx NonProfiledCodeHeapSize                  = 122912730                              {pd product} {ergonomic}
   size_t OldSize                                  = 70254592                                  {product} {ergonomic}
    uintx ProfiledCodeHeapSize                     = 122912730                              {pd product} {ergonomic}
    uintx ReservedCodeCacheSize                    = 251658240                              {pd product} {ergonomic}
     bool SegmentedCodeCache                       = true                                      {product} {ergonomic}
   size_t SoftMaxHeapSize                          = 2147483648                             {manageable} {ergonomic}
     bool UseCompressedOops                        = true                           {product lp64_product} {ergonomic}
     bool UseLargePagesIndividualAllocation        = false                                  {pd product} {ergonomic}
     bool UseParallelGC                            = true                                      {product} {command line}

Logging:
Log output configuration:
 #0: stdout all=off uptime,level,tags foldmultilines=false
 #1: stderr all=off uptime,level,tags foldmultilines=false

Release file:
<release file has not been read>
Environment Variables:
JAVA_HOME=C:\Program Files\Java\jdk-17
PATH=C:\Program Files\Common Files\Oracle\Java\javapath;C:\WINDOWS\system32;C:\WINDOWS;C:\WINDOWS\System32\Wbem;C:\WINDOWS\System32\WindowsPowerShell\v1.0\;C:\WINDOWS\System32\OpenSSH\;C:\xampp\php\;C:\ProgramData\ComposerSetup\bin;C:\Program Files\Git\cmd;C:\Program Files\Java\jdk-17\bin;C:\Android\Sdk\platform-tools;C:\Android\Sdk\emulator;C:\Android\Sdk\cmdline-tools\latest\bin;C:\Android\Sdk\tools;C:\Android\Sdk\tools\bin;C:\Program Files\Java\jdk-17\bin;D:\programas\xampp\php;C:\Program Files\nodejs\;C:\Users\MIGUEL DOLIC\AppData\Local\Programs\Python\Python313\Scripts\;C:\Users\MIGUEL DOLIC\AppData\Local\Programs\Python\Python313\;C:\Users\MIGUEL DOLIC\AppData\Local\Microsoft\WindowsApps;C:\Users\MIGUEL DOLIC\AppData\Local\Programs\Microsoft VS Code\bin;C:\Users\MIGUEL DOLIC\AppData\Roaming\Composer\vendor\bin;C:\flutter\bin;C:\dart-sdk\bin;C:\Users\MIGUEL DOLIC\AppData\Roaming\npm;D:\AntiGravity\Antigravity\bin;D:\Android\Sdk\platform-tools;C:\Users\MIGUEL DOLIC\AppData\Local\Programs\Antigravity IDE\bin;D:\programas\Antigravity IDE\bin
USERNAME=MIGUEL DOLIC
OS=Windows_NT
PROCESSOR_IDENTIFIER=AMD64 Family 23 Model 96 Stepping 1, AuthenticAMD
TMP=C:\Users\MIGUEL~1\AppData\Local\Temp
TEMP=C:\Users\MIGUEL~1\AppData\Local\Temp




Periodic native trim disabled

---------------  S Y S T E M  ---------------

OS:
 Windows 11 , 64 bit Build 26100 (10.0.26100.7920)
OS uptime: 0 days 0:19 hours
Hyper-V role detected

CPU: total 6 (initial active 6) (6 cores per cpu, 1 threads per core) family 23 model 96 stepping 1 microcode 0x8600106, cx8, cmov, fxsr, mmx, 3dnowpref, sse, sse2, sse3, ssse3, sse4a, sse4.1, sse4.2, popcnt, lzcnt, tsc, tscinvbit, avx, avx2, aes, clmul, bmi1, bmi2, adx, sha, fma, vzeroupper, clflush, clflushopt, hv, rdtscp, rdpid, f16c
Processor Information for the first 6 processors :
  Max Mhz: 2375, Current Mhz: 2375, Mhz Limit: 2375

Memory: 4k page, system-wide physical 15733M (4464M free)
TotalPageFile size 25887M (AvailPageFile size 12005M)
current process WorkingSet (physical memory assigned to process): 37M, peak: 37M
current process commit charge ("private bytes"): 212M, peak: 212M

vm_info: OpenJDK 64-Bit Server VM (21.0.10+7-LTS) for windows-amd64 JRE (21.0.10+7-LTS), built on 2026-01-20T00:00:00Z by "admin" with MS VC++ 17.12 (VS2022)

END.
